Traceback (most recent call last):
  File "/home/munakala/miniconda3/envs/IOOS/lib/python3.9/site-packages/jupyter_cache/executors/utils.py", line 51, in single_nb_execution
    executenb(
  File "/home/munakala/miniconda3/envs/IOOS/lib/python3.9/site-packages/nbclient/client.py", line 1112, in execute
    return NotebookClient(nb=nb, resources=resources, km=km, **kwargs).execute()
  File "/home/munakala/miniconda3/envs/IOOS/lib/python3.9/site-packages/nbclient/util.py", line 74, in wrapped
    return just_run(coro(*args, **kwargs))
  File "/home/munakala/miniconda3/envs/IOOS/lib/python3.9/site-packages/nbclient/util.py", line 53, in just_run
    return loop.run_until_complete(coro)
  File "/home/munakala/miniconda3/envs/IOOS/lib/python3.9/asyncio/base_events.py", line 642, in run_until_complete
    return future.result()
  File "/home/munakala/miniconda3/envs/IOOS/lib/python3.9/site-packages/nbclient/client.py", line 553, in async_execute
    await self.async_execute_cell(
  File "/home/munakala/miniconda3/envs/IOOS/lib/python3.9/site-packages/nbclient/client.py", line 857, in async_execute_cell
    self._check_raise_for_error(cell, exec_reply)
  File "/home/munakala/miniconda3/envs/IOOS/lib/python3.9/site-packages/nbclient/client.py", line 760, in _check_raise_for_error
    raise CellExecutionError.from_cell_and_msg(cell, exec_reply_content)
nbclient.exceptions.CellExecutionError: An error occurred while executing the following cell:
------------------
import iris
from ioos_tools.tardis import series2cube

attr = dict(
    featureType="timeSeries",
    Conventions="CF-1.6",
    standard_name_vocabulary="CF-1.6",
    cdm_data_type="Station",
    comment="Data from http://opendap.co-ops.nos.noaa.gov",
)


cubes = iris.cube.CubeList([series2cube(obs, attr=attr) for obs in observations])

outfile = os.path.join(save_dir, "OBS_DATA.nc")
iris.save(cubes, outfile)
------------------

[0;31m---------------------------------------------------------------------------[0m
[0;31mAttributeError[0m                            Traceback (most recent call last)
[0;32m<ipython-input-11-715647d60d04>[0m in [0;36m<module>[0;34m[0m
[1;32m     11[0m [0;34m[0m[0m
[1;32m     12[0m [0;34m[0m[0m
[0;32m---> 13[0;31m [0mcubes[0m [0;34m=[0m [0miris[0m[0;34m.[0m[0mcube[0m[0;34m.[0m[0mCubeList[0m[0;34m([0m[0;34m[[0m[0mseries2cube[0m[0;34m([0m[0mobs[0m[0;34m,[0m [0mattr[0m[0;34m=[0m[0mattr[0m[0;34m)[0m [0;32mfor[0m [0mobs[0m [0;32min[0m [0mobservations[0m[0;34m][0m[0;34m)[0m[0;34m[0m[0;34m[0m[0m
[0m[1;32m     14[0m [0;34m[0m[0m
[1;32m     15[0m [0moutfile[0m [0;34m=[0m [0mos[0m[0;34m.[0m[0mpath[0m[0;34m.[0m[0mjoin[0m[0;34m([0m[0msave_dir[0m[0;34m,[0m [0;34m"OBS_DATA.nc"[0m[0;34m)[0m[0;34m[0m[0;34m[0m[0m

[0;32m<ipython-input-11-715647d60d04>[0m in [0;36m<listcomp>[0;34m(.0)[0m
[1;32m     11[0m [0;34m[0m[0m
[1;32m     12[0m [0;34m[0m[0m
[0;32m---> 13[0;31m [0mcubes[0m [0;34m=[0m [0miris[0m[0;34m.[0m[0mcube[0m[0;34m.[0m[0mCubeList[0m[0;34m([0m[0;34m[[0m[0mseries2cube[0m[0;34m([0m[0mobs[0m[0;34m,[0m [0mattr[0m[0;34m=[0m[0mattr[0m[0;34m)[0m [0;32mfor[0m [0mobs[0m [0;32min[0m [0mobservations[0m[0;34m][0m[0;34m)[0m[0;34m[0m[0;34m[0m[0m
[0m[1;32m     14[0m [0;34m[0m[0m
[1;32m     15[0m [0moutfile[0m [0;34m=[0m [0mos[0m[0;34m.[0m[0mpath[0m[0;34m.[0m[0mjoin[0m[0;34m([0m[0msave_dir[0m[0;34m,[0m [0;34m"OBS_DATA.nc"[0m[0;34m)[0m[0;34m[0m[0;34m[0m[0m

[0;32m~/miniconda3/envs/IOOS/lib/python3.9/site-packages/ioos_tools/tardis.py[0m in [0;36mseries2cube[0;34m(series, attr)[0m
[1;32m    596[0m         [0mcube[0m[0;34m.[0m[0mattributes[0m[0;34m.[0m[0mupdate[0m[0;34m([0m[0mattr[0m[0;34m)[0m[0;34m[0m[0;34m[0m[0m
[1;32m    597[0m [0;34m[0m[0m
[0;32m--> 598[0;31m     _add_iris_coord(
[0m[1;32m    599[0m         [0mcube[0m[0;34m,[0m[0;34m[0m[0;34m[0m[0m
[1;32m    600[0m         [0mname[0m[0;34m=[0m[0;34m"time"[0m[0;34m,[0m[0;34m[0m[0;34m[0m[0m

[0;32m~/miniconda3/envs/IOOS/lib/python3.9/site-packages/ioos_tools/tardis.py[0m in [0;36m_add_iris_coord[0;34m(cube, name, points, dim, units, aux)[0m
[1;32m    679[0m         [0mdt_types[0m [0;34m=[0m [0;34m([0m[0mdatetime[0m[0;34m,[0m [0mcftime[0m[0;34m.[0m[0mdatetime[0m[0;34m)[0m[0;34m[0m[0;34m[0m[0m
[1;32m    680[0m         [0;32mif[0m [0mall[0m[0;34m([0m[0;34m([0m[0misinstance[0m[0;34m([0m[0mi[0m[0;34m,[0m [0mdt_types[0m[0;34m)[0m [0;32mfor[0m [0mi[0m [0;32min[0m [0mpoints[0m[0;34m)[0m[0;34m)[0m[0;34m:[0m[0;34m[0m[0;34m[0m[0m
[0;32m--> 681[0;31m             [0mpoints[0m [0;34m=[0m [0munits[0m[0;34m.[0m[0mdate2num[0m[0;34m([0m[0mpoints[0m[0;34m)[0m[0;34m[0m[0;34m[0m[0m
[0m[1;32m    682[0m [0;34m[0m[0m
[1;32m    683[0m     [0mpoints[0m [0;34m=[0m [0mnp[0m[0;34m.[0m[0marray[0m[0;34m([0m[0mpoints[0m[0;34m)[0m[0;34m[0m[0;34m[0m[0m

[0;32m~/miniconda3/envs/IOOS/lib/python3.9/site-packages/cf_units/__init__.py[0m in [0;36mdate2num[0;34m(self, date)[0m
[1;32m   1981[0m         """
[1;32m   1982[0m [0;34m[0m[0m
[0;32m-> 1983[0;31m         [0mcdf_utime[0m [0;34m=[0m [0mself[0m[0;34m.[0m[0mutime[0m[0;34m([0m[0;34m)[0m[0;34m[0m[0;34m[0m[0m
[0m[1;32m   1984[0m         [0mdate[0m [0;34m=[0m [0m_discard_microsecond[0m[0;34m([0m[0mdate[0m[0;34m)[0m[0;34m[0m[0;34m[0m[0m
[1;32m   1985[0m         [0;32mreturn[0m [0mcdf_utime[0m[0;34m.[0m[0mdate2num[0m[0;34m([0m[0mdate[0m[0;34m)[0m[0;34m[0m[0;34m[0m[0m

[0;32m~/miniconda3/envs/IOOS/lib/python3.9/site-packages/cf_units/__init__.py[0m in [0;36mutime[0;34m(self, only_use_cftime_datetimes)[0m
[1;32m   1942[0m         [0;31m# is generated by UDUNITS-2 formatted output[0m[0;34m[0m[0;34m[0m[0;34m[0m[0m
[1;32m   1943[0m         [0;31m#[0m[0;34m[0m[0;34m[0m[0;34m[0m[0m
[0;32m-> 1944[0;31m         return cftime.utime(
[0m[1;32m   1945[0m             [0mstr[0m[0;34m([0m[0mself[0m[0;34m)[0m[0;34m.[0m[0mrstrip[0m[0;34m([0m[0;34m" UTC"[0m[0;34m)[0m[0;34m,[0m [0mself[0m[0;34m.[0m[0mcalendar[0m[0;34m,[0m[0;34m[0m[0;34m[0m[0m
[1;32m   1946[0m             only_use_cftime_datetimes=only_use_cftime_datetimes)

[0;31mAttributeError[0m: module 'cftime' has no attribute 'utime'
AttributeError: module 'cftime' has no attribute 'utime'

